{"level":"info","message":"Initializing Server..."}
{"level":"info","message":"Loading... App Controllers"}
{"level":"info","message":"Loading... App Middlewares"}
{"level":"info","message":"Loading... App Models"}
{"level":"info","message":"Loading... App Services"}
{"level":"info","message":"Loading... Router"}
{"level":"info","message":"Loading... Game Server."}
{"level":"info","message":"Initializing Variables"}
{"level":"info","message":"Loading... DB Connection"}
{"level":"info","message":"Mongoose default connection disconnected"}
{"level":"info","message":"Initializing Server..."}
{"level":"info","message":"Loading... App Controllers"}
{"level":"info","message":"Loading... App Middlewares"}
{"level":"info","message":"Loading... App Models"}
{"level":"info","message":"Loading... App Services"}
{"level":"info","message":"Loading... Router"}
{"level":"info","message":"Loading... Game Server."}
{"level":"info","message":"Initializing Variables"}
{"level":"info","message":"Loading... DB Connection"}
{"level":"info","message":"Initializing Server..."}
{"level":"info","message":"Loading... App Controllers"}
{"level":"info","message":"Loading... App Middlewares"}
{"level":"info","message":"Loading... App Models"}
{"level":"info","message":"Loading... App Services"}
{"level":"info","message":"Loading... Router"}
{"level":"info","message":"Loading... Game Server."}
{"level":"info","message":"Initializing Variables"}
{"level":"info","message":"Loading... DB Connection"}
{"level":"info","message":"Initializing Server..."}
{"level":"info","message":"Loading... App Controllers"}
{"level":"info","message":"Loading... App Middlewares"}
{"level":"info","message":"Loading... App Models"}
{"level":"info","message":"Loading... App Services"}
{"level":"info","message":"Loading... Router"}
{"level":"info","message":"Loading... Game Server."}
{"level":"info","message":"Initializing Variables"}
{"level":"info","message":"Loading... DB Connection"}
{"level":"info","message":"Mongoose default connection disconnected"}
{"level":"info","message":"Initializing Server..."}
{"level":"info","message":"Loading... App Controllers"}
{"level":"info","message":"Loading... App Middlewares"}
{"level":"info","message":"Loading... App Models"}
{"level":"info","message":"Loading... App Services"}
{"level":"info","message":"Loading... Router"}
{"level":"info","message":"Loading... Game Server."}
{"level":"info","message":"Initializing Variables"}
{"level":"info","message":"Loading... DB Connection"}
{"level":"info","message":"Mongoose default connection disconnected"}
{"level":"info","message":"Initializing Server..."}
{"level":"info","message":"Loading... App Controllers"}
{"level":"info","message":"Loading... App Middlewares"}
{"level":"info","message":"Loading... App Models"}
{"level":"info","message":"Loading... App Services"}
{"level":"info","message":"Loading... Router"}
{"level":"info","message":"Loading... Game Server."}
{"level":"info","message":"Initializing Variables"}
{"level":"info","message":"Loading... DB Connection"}
{"level":"info","message":"Mongoose default connection open to mongodb+srv://Tarsh:Steins;Gate@cluster1.ydzol.mongodb.net/News-App?retryWrites=true&w=majority"}
{"level":"info","message":"Loading... Socket"}
{"level":"info","message":"Initializing Server..."}
{"level":"info","message":"Loading... App Controllers"}
{"level":"info","message":"Loading... App Middlewares"}
{"level":"info","message":"Loading... App Models"}
{"level":"info","message":"Loading... App Services"}
{"level":"info","message":"Loading... Router"}
{"level":"info","message":"Loading... Game Server."}
{"level":"info","message":"Initializing Variables"}
{"level":"info","message":"Loading... DB Connection"}
{"level":"info","message":"Mongoose default connection disconnected"}
{"level":"info","message":"Initializing Server..."}
{"level":"info","message":"Loading... App Controllers"}
{"level":"info","message":"Loading... App Middlewares"}
{"level":"info","message":"Loading... App Models"}
{"level":"info","message":"Loading... App Services"}
{"level":"info","message":"Loading... Router"}
{"level":"info","message":"Loading... Game Server."}
{"level":"info","message":"Initializing Variables"}
{"level":"info","message":"Loading... DB Connection"}
{"level":"info","message":"Mongoose default connection open to mongodb+srv://Tarsh:Steins;Gate@cluster1.ydzol.mongodb.net/News-App?retryWrites=true&w=majority"}
{"level":"info","message":"Loading... Socket"}
{"level":"info","message":"Initializing Server..."}
{"level":"info","message":"Loading... App Controllers"}
{"level":"info","message":"Loading... App Middlewares"}
{"level":"info","message":"Loading... App Models"}
{"level":"info","message":"Loading... App Services"}
{"level":"info","message":"Loading... Router"}
{"level":"info","message":"Loading... Game Server."}
{"level":"info","message":"Initializing Variables"}
{"level":"info","message":"Loading... DB Connection"}
{"level":"info","message":"Mongoose default connection disconnected"}
{"level":"info","message":"Initializing Server..."}
{"level":"info","message":"Loading... App Controllers"}
{"level":"info","message":"Loading... App Middlewares"}
{"level":"info","message":"Loading... App Models"}
{"level":"info","message":"Loading... App Services"}
{"level":"info","message":"Loading... Router"}
{"level":"info","message":"Loading... Game Server."}
{"level":"info","message":"Initializing Variables"}
{"level":"info","message":"Loading... DB Connection"}
{"level":"info","message":"Mongoose default connection disconnected"}
{"level":"info","message":"Initializing Server..."}
{"level":"info","message":"Loading... App Controllers"}
{"level":"info","message":"Loading... App Middlewares"}
{"level":"info","message":"Loading... App Models"}
{"level":"info","message":"Loading... App Services"}
{"level":"info","message":"Loading... Router"}
{"level":"info","message":"Loading... Game Server."}
{"level":"info","message":"Initializing Variables"}
{"level":"info","message":"Loading... DB Connection"}
{"level":"info","message":"Mongoose default connection open to mongodb+srv://Tarsh:Steins;Gate@cluster1.ydzol.mongodb.net/News-App?retryWrites=true&w=majority"}
{"level":"info","message":"Loading... Socket"}
{"level":"info","message":"Mongoose default connection disconnected"}
{"level":"info","message":"Mongoose default connection open to mongodb+srv://Tarsh:Steins;Gate@cluster1.ydzol.mongodb.net/News-App?retryWrites=true&w=majority"}
{"level":"info","message":"Mongoose default connection disconnected"}
{"level":"info","message":"Error in reset All Room  : MongoError: Pool was force destroyed"}
{"level":"info","message":"Initializing Server..."}
{"level":"info","message":"Loading... App Controllers"}
{"level":"info","message":"Loading... App Middlewares"}
{"level":"info","message":"Loading... App Models"}
{"level":"info","message":"Loading... App Services"}
{"level":"info","message":"Loading... Router"}
{"level":"info","message":"Loading... Game Server."}
{"level":"info","message":"Initializing Variables"}
{"level":"info","message":"Loading... DB Connection"}
{"level":"info","message":"Mongoose default connection disconnected"}
{"level":"info","message":"Initializing Server..."}
{"level":"info","message":"Loading... App Controllers"}
{"level":"info","message":"Loading... App Middlewares"}
{"level":"info","message":"Loading... App Models"}
{"level":"info","message":"Loading... App Services"}
{"level":"info","message":"Loading... Router"}
{"level":"info","message":"Loading... Game Server."}
{"level":"info","message":"Initializing Variables"}
{"level":"info","message":"Loading... DB Connection"}
{"level":"info","message":"Mongoose default connection disconnected"}
{"level":"info","message":"Initializing Server..."}
{"level":"info","message":"Loading... App Controllers"}
{"level":"info","message":"Loading... App Middlewares"}
{"level":"info","message":"Loading... App Models"}
{"level":"info","message":"Loading... App Services"}
{"level":"info","message":"Loading... Router"}
{"level":"info","message":"Loading... Game Server."}
{"level":"info","message":"Initializing Variables"}
{"level":"info","message":"Loading... DB Connection"}
{"level":"info","message":"Mongoose default connection disconnected"}
{"level":"info","message":"Initializing Server..."}
{"level":"info","message":"Loading... App Controllers"}
{"level":"info","message":"Loading... App Middlewares"}
{"level":"info","message":"Loading... App Models"}
{"level":"info","message":"Loading... App Services"}
{"level":"info","message":"Loading... Router"}
{"level":"info","message":"Loading... Game Server."}
{"level":"info","message":"Initializing Variables"}
{"level":"info","message":"Loading... DB Connection"}
{"level":"info","message":"Mongoose default connection open to mongodb+srv://yuvraj:yuvraj@cluster0.ypdgfyb.mongodb.net/?retryWrites=true&w=majority"}
{"level":"info","message":"Loading... Socket"}
{"level":"info","message":"Mongoose default connection disconnected"}
{"level":"info","message":"Mongoose default connection open to mongodb+srv://yuvraj:yuvraj@cluster0.ypdgfyb.mongodb.net/?retryWrites=true&w=majority"}
{"level":"info","message":"Loading... Socket"}
{"level":"info","message":"Initializing Server..."}
{"level":"info","message":"Loading... App Controllers"}
{"level":"info","message":"Loading... App Middlewares"}
{"level":"info","message":"Loading... App Models"}
{"level":"info","message":"Loading... App Services"}
{"level":"info","message":"Loading... Router"}
{"level":"info","message":"Loading... Game Server."}
{"level":"info","message":"Initializing Variables"}
{"level":"info","message":"Loading... DB Connection"}
{"level":"info","message":"Mongoose default connection disconnected"}
{"level":"info","message":"Initializing Server..."}
{"level":"info","message":"Loading... App Controllers"}
{"level":"info","message":"Loading... App Middlewares"}
{"level":"info","message":"Loading... App Models"}
{"level":"info","message":"Loading... App Services"}
{"level":"info","message":"Loading... Router"}
{"level":"info","message":"Loading... Game Server."}
{"level":"info","message":"Initializing Variables"}
{"level":"info","message":"Loading... DB Connection"}
{"level":"info","message":"Mongoose default connection open to mongodb+srv://yuvraj:yuvraj@cluster0.ypdgfyb.mongodb.net/?retryWrites=true&w=majority"}
{"level":"info","message":"Loading... Socket"}
{"level":"info","message":"Initializing Server..."}
{"level":"info","message":"Loading... App Controllers"}
{"level":"info","message":"Loading... App Middlewares"}
{"level":"info","message":"Loading... App Models"}
{"level":"info","message":"Loading... App Services"}
{"level":"info","message":"Loading... Router"}
{"level":"info","message":"Loading... Game Server."}
{"level":"info","message":"Initializing Variables"}
{"level":"info","message":"Loading... DB Connection"}
{"level":"info","message":"Mongoose default connection disconnected"}
{"level":"info","message":"Initializing Server..."}
{"level":"info","message":"Loading... App Controllers"}
{"level":"info","message":"Loading... App Middlewares"}
{"level":"info","message":"Loading... App Models"}
{"level":"info","message":"Loading... App Services"}
{"level":"info","message":"Loading... Router"}
{"level":"info","message":"Loading... Game Server."}
{"level":"info","message":"Initializing Variables"}
{"level":"info","message":"Loading... DB Connection"}
{"level":"info","message":"Mongoose default connection disconnected"}
{"level":"info","message":"Initializing Server..."}
{"level":"info","message":"Loading... App Controllers"}
{"level":"info","message":"Loading... App Middlewares"}
{"level":"info","message":"Loading... App Models"}
{"level":"info","message":"Loading... App Services"}
{"level":"info","message":"Loading... Router"}
{"level":"info","message":"Loading... Game Server."}
{"level":"info","message":"Initializing Variables"}
{"level":"info","message":"Loading... DB Connection"}
{"level":"info","message":"Mongoose default connection open to mongodb+srv://yuvraj:yuvraj@cluster0.ypdgfyb.mongodb.net/?retryWrites=true&w=majority"}
{"level":"info","message":"Loading... Socket"}
{"level":"info","message":"Mongoose default connection disconnected"}
{"level":"info","message":"Mongoose default connection open to mongodb+srv://yuvraj:yuvraj@cluster0.ypdgfyb.mongodb.net/?retryWrites=true&w=majority"}
{"level":"info","message":"Loading... Socket"}
{"level":"info","message":"Initializing Server..."}
{"level":"info","message":"Loading... App Controllers"}
{"level":"info","message":"Loading... App Middlewares"}
{"level":"info","message":"Loading... App Models"}
{"level":"info","message":"Loading... App Services"}
{"level":"info","message":"Loading... Router"}
{"level":"info","message":"Loading... Game Server."}
{"level":"info","message":"Initializing Variables"}
{"level":"info","message":"Loading... DB Connection"}
{"level":"info","message":"Mongoose default connection open to mongodb+srv://yuvraj:yuvraj@cluster0.ypdgfyb.mongodb.net/?retryWrites=true&w=majority"}
{"level":"info","message":"Loading... Socket"}
{"level":"info","message":"Initializing Server..."}
{"level":"info","message":"Loading... App Controllers"}
{"level":"info","message":"Loading... App Middlewares"}
{"level":"info","message":"Loading... App Models"}
{"level":"info","message":"Loading... App Services"}
{"level":"info","message":"Loading... Router"}
{"level":"info","message":"Loading... Game Server."}
{"level":"info","message":"Initializing Variables"}
{"level":"info","message":"Loading... DB Connection"}
{"level":"info","message":"Mongoose default connection open to mongodb+srv://yuvraj:yuvraj@cluster0.ypdgfyb.mongodb.net/?retryWrites=true&w=majority"}
{"level":"info","message":"Loading... Socket"}
{"level":"info","message":"Mongoose default connection disconnected"}
{"level":"info","message":"Mongoose default connection open to mongodb+srv://yuvraj:yuvraj@cluster0.ypdgfyb.mongodb.net/?retryWrites=true&w=majority"}
{"level":"info","message":"Loading... Socket"}
{"level":"info","message":"Initializing Server..."}
{"level":"info","message":"Loading... App Controllers"}
{"level":"info","message":"Loading... App Middlewares"}
{"level":"info","message":"Loading... App Models"}
{"level":"info","message":"Loading... App Services"}
{"level":"info","message":"Loading... Router"}
{"level":"info","message":"Loading... Game Server."}
{"level":"info","message":"Initializing Variables"}
{"level":"info","message":"Loading... DB Connection"}
{"level":"info","message":"Mongoose default connection open to mongodb+srv://yuvraj:yuvraj@cluster0.ypdgfyb.mongodb.net/?retryWrites=true&w=majority"}
{"level":"info","message":"Loading... Socket"}
{"level":"info","message":"Initializing Server..."}
{"level":"info","message":"Loading... App Controllers"}
{"level":"info","message":"Loading... App Middlewares"}
{"level":"info","message":"Loading... App Models"}
{"level":"info","message":"Loading... App Services"}
{"level":"info","message":"Loading... Router"}
{"level":"info","message":"Loading... Game Server."}
{"level":"info","message":"Initializing Variables"}
{"level":"info","message":"Loading... DB Connection"}
{"level":"info","message":"Mongoose default connection open to mongodb+srv://yuvraj:yuvraj@cluster0.ypdgfyb.mongodb.net/?retryWrites=true&w=majority"}
{"level":"info","message":"Loading... Socket"}
{"level":"info","message":"Initializing Server..."}
{"level":"info","message":"Loading... App Controllers"}
{"level":"info","message":"Loading... App Middlewares"}
{"level":"info","message":"Loading... App Models"}
{"level":"info","message":"Loading... App Services"}
{"level":"info","message":"Loading... Router"}
{"level":"info","message":"Loading... Game Server."}
{"level":"info","message":"Initializing Variables"}
{"level":"info","message":"Loading... DB Connection"}
{"level":"info","message":"Mongoose default connection open to mongodb+srv://yuvraj:yuvraj@cluster0.ypdgfyb.mongodb.net/?retryWrites=true&w=majority"}
{"level":"info","message":"Loading... Socket"}
{"level":"info","message":"Initializing Server..."}
{"level":"info","message":"Loading... App Controllers"}
{"level":"info","message":"Loading... App Middlewares"}
{"level":"info","message":"Loading... App Models"}
{"level":"info","message":"Loading... App Services"}
{"level":"info","message":"Loading... Router"}
{"level":"info","message":"Loading... Game Server."}
{"level":"info","message":"Initializing Variables"}
{"level":"info","message":"Loading... DB Connection"}
{"level":"info","message":"Mongoose default connection open to mongodb+srv://yuvraj:yuvraj@cluster0.ypdgfyb.mongodb.net/?retryWrites=true&w=majority"}
{"level":"info","message":"Loading... Socket"}
{"level":"info","message":"Initializing Server..."}
{"level":"info","message":"Loading... App Controllers"}
{"level":"info","message":"Loading... App Middlewares"}
{"level":"info","message":"Loading... App Models"}
{"level":"info","message":"Loading... App Services"}
{"level":"info","message":"Loading... Router"}
{"level":"info","message":"Loading... Game Server."}
{"level":"info","message":"Initializing Variables"}
{"level":"info","message":"Loading... DB Connection"}
{"level":"info","message":"Mongoose default connection open to mongodb+srv://yuvraj:yuvraj@cluster0.ypdgfyb.mongodb.net/?retryWrites=true&w=majority"}
{"level":"info","message":"Loading... Socket"}
{"level":"info","message":"Initializing Server..."}
{"level":"info","message":"Loading... App Controllers"}
{"level":"info","message":"Loading... App Middlewares"}
{"level":"info","message":"Loading... App Models"}
{"level":"info","message":"Loading... App Services"}
{"level":"info","message":"Loading... Router"}
{"level":"info","message":"Loading... Game Server."}
{"level":"info","message":"Initializing Variables"}
{"level":"info","message":"Loading... DB Connection"}
{"level":"info","message":"Mongoose default connection open to mongodb+srv://yuvraj:yuvraj@cluster0.ypdgfyb.mongodb.net/?retryWrites=true&w=majority"}
{"level":"info","message":"Loading... Socket"}
{"level":"info","message":"Initializing Server..."}
{"level":"info","message":"Loading... App Controllers"}
{"level":"info","message":"Loading... App Middlewares"}
{"level":"info","message":"Loading... App Models"}
{"level":"info","message":"Loading... App Services"}
{"level":"info","message":"Loading... Router"}
{"level":"info","message":"Loading... Game Server."}
{"level":"info","message":"Initializing Variables"}
{"level":"info","message":"Loading... DB Connection"}
{"level":"info","message":"Mongoose default connection open to mongodb+srv://yuvraj:yuvraj@cluster0.ypdgfyb.mongodb.net/?retryWrites=true&w=majority"}
{"level":"info","message":"Loading... Socket"}
{"level":"info","message":"Initializing Server..."}
{"level":"info","message":"Loading... App Controllers"}
{"level":"info","message":"Loading... App Middlewares"}
{"level":"info","message":"Loading... App Models"}
{"level":"info","message":"Loading... App Services"}
{"level":"info","message":"Loading... Router"}
{"level":"info","message":"Loading... Game Server."}
{"level":"info","message":"Initializing Variables"}
{"level":"info","message":"Loading... DB Connection"}
{"level":"info","message":"Mongoose default connection open to mongodb+srv://yuvraj:yuvraj@cluster0.ypdgfyb.mongodb.net/?retryWrites=true&w=majority"}
{"level":"info","message":"Loading... Socket"}
{"level":"info","message":"Initializing Server..."}
{"level":"info","message":"Loading... App Controllers"}
{"level":"info","message":"Loading... App Middlewares"}
{"level":"info","message":"Loading... App Models"}
{"level":"info","message":"Loading... App Services"}
{"level":"info","message":"Loading... Router"}
{"level":"info","message":"Loading... Game Server."}
{"level":"info","message":"Initializing Variables"}
{"level":"info","message":"Loading... DB Connection"}
{"level":"info","message":"Mongoose default connection open to mongodb+srv://yuvraj:yuvraj@cluster0.ypdgfyb.mongodb.net/?retryWrites=true&w=majority"}
{"level":"info","message":"Loading... Socket"}
{"level":"info","message":"Initializing Server..."}
{"level":"info","message":"Loading... App Controllers"}
{"level":"info","message":"Loading... App Middlewares"}
{"level":"info","message":"Loading... App Models"}
{"level":"info","message":"Loading... App Services"}
{"level":"info","message":"Loading... Router"}
{"level":"info","message":"Loading... Game Server."}
{"level":"info","message":"Initializing Variables"}
{"level":"info","message":"Loading... DB Connection"}
{"level":"info","message":"Mongoose default connection open to mongodb+srv://yuvraj:yuvraj@cluster0.ypdgfyb.mongodb.net/?retryWrites=true&w=majority"}
{"level":"info","message":"Loading... Socket"}
{"level":"info","message":"Initializing Server..."}
{"level":"info","message":"Loading... App Controllers"}
{"level":"info","message":"Loading... App Middlewares"}
{"level":"info","message":"Loading... App Models"}
{"level":"info","message":"Loading... App Services"}
{"level":"info","message":"Loading... Router"}
{"level":"info","message":"Loading... Game Server."}
{"level":"info","message":"Initializing Variables"}
{"level":"info","message":"Loading... DB Connection"}
{"level":"info","message":"Mongoose default connection open to mongodb+srv://yuvraj:yuvraj@cluster0.ypdgfyb.mongodb.net/?retryWrites=true&w=majority"}
{"level":"info","message":"Loading... Socket"}
{"level":"info","message":"Initializing Server..."}
{"level":"info","message":"Loading... App Controllers"}
{"level":"info","message":"Loading... App Middlewares"}
{"level":"info","message":"Loading... App Models"}
{"level":"info","message":"Loading... App Services"}
{"level":"info","message":"Loading... Router"}
{"level":"info","message":"Loading... Game Server."}
{"level":"info","message":"Initializing Variables"}
{"level":"info","message":"Loading... DB Connection"}
{"level":"info","message":"Mongoose default connection open to mongodb+srv://yuvraj:yuvraj@cluster0.ypdgfyb.mongodb.net/?retryWrites=true&w=majority"}
{"level":"info","message":"Loading... Socket"}
{"level":"info","message":"Initializing Server..."}
{"level":"info","message":"Loading... App Controllers"}
{"level":"info","message":"Loading... App Middlewares"}
{"level":"info","message":"Loading... App Models"}
{"level":"info","message":"Loading... App Services"}
{"level":"info","message":"Loading... Router"}
{"level":"info","message":"Loading... Game Server."}
{"level":"info","message":"Initializing Variables"}
{"level":"info","message":"Loading... DB Connection"}
{"level":"info","message":"Mongoose default connection open to mongodb+srv://yuvraj:yuvraj@cluster0.ypdgfyb.mongodb.net/?retryWrites=true&w=majority"}
{"level":"info","message":"Loading... Socket"}
{"level":"info","message":"Initializing Server..."}
{"level":"info","message":"Loading... App Controllers"}
{"level":"info","message":"Loading... App Middlewares"}
{"level":"info","message":"Loading... App Models"}
{"level":"info","message":"Loading... App Services"}
{"level":"info","message":"Loading... Router"}
{"level":"info","message":"Loading... Game Server."}
{"level":"info","message":"Initializing Variables"}
{"level":"info","message":"Loading... DB Connection"}
{"level":"info","message":"Mongoose default connection open to mongodb+srv://yuvraj:yuvraj@cluster0.ypdgfyb.mongodb.net/?retryWrites=true&w=majority"}
{"level":"info","message":"Loading... Socket"}
{"level":"info","message":"Initializing Server..."}
{"level":"info","message":"Loading... App Controllers"}
{"level":"info","message":"Loading... App Middlewares"}
{"level":"info","message":"Loading... App Models"}
{"level":"info","message":"Loading... App Services"}
{"level":"info","message":"Loading... Router"}
{"level":"info","message":"Loading... Game Server."}
{"level":"info","message":"Initializing Variables"}
{"level":"info","message":"Loading... DB Connection"}
{"level":"info","message":"Mongoose default connection open to mongodb+srv://yuvraj:yuvraj@cluster0.ypdgfyb.mongodb.net/?retryWrites=true&w=majority"}
{"level":"info","message":"Loading... Socket"}
{"level":"info","message":"Initializing Server..."}
{"level":"info","message":"Loading... App Controllers"}
{"level":"info","message":"Loading... App Middlewares"}
{"level":"info","message":"Loading... App Models"}
{"level":"info","message":"Loading... App Services"}
{"level":"info","message":"Loading... Router"}
{"level":"info","message":"Loading... Game Server."}
{"level":"info","message":"Initializing Variables"}
{"level":"info","message":"Loading... DB Connection"}
{"level":"info","message":"Mongoose default connection open to mongodb+srv://yuvraj:yuvraj@cluster0.ypdgfyb.mongodb.net/?retryWrites=true&w=majority"}
{"level":"info","message":"Loading... Socket"}
{"level":"info","message":"Initializing Server..."}
{"level":"info","message":"Loading... App Controllers"}
{"level":"info","message":"Loading... App Middlewares"}
{"level":"info","message":"Loading... App Models"}
{"level":"info","message":"Loading... App Services"}
{"level":"info","message":"Loading... Router"}
{"level":"info","message":"Loading... Game Server."}
{"level":"info","message":"Initializing Variables"}
{"level":"info","message":"Loading... DB Connection"}
{"level":"info","message":"Mongoose default connection open to mongodb+srv://yuvraj:yuvraj@cluster0.ypdgfyb.mongodb.net/?retryWrites=true&w=majority"}
{"level":"info","message":"Loading... Socket"}
{"level":"info","message":"Initializing Server..."}
{"level":"info","message":"Loading... App Controllers"}
{"level":"info","message":"Loading... App Middlewares"}
{"level":"info","message":"Loading... App Models"}
{"level":"info","message":"Loading... App Services"}
{"level":"info","message":"Loading... Router"}
{"level":"info","message":"Loading... Game Server."}
{"level":"info","message":"Initializing Variables"}
{"level":"info","message":"Loading... DB Connection"}
{"level":"info","message":"Mongoose default connection open to mongodb+srv://yuvraj:yuvraj@cluster0.ypdgfyb.mongodb.net/?retryWrites=true&w=majority"}
{"level":"info","message":"Loading... Socket"}
{"level":"info","message":"Mongoose default connection disconnected"}
